C:\USERS\216-19\DESKTOP\2018440066박현민\20180911HELLO\DEBUG\소스.OBJ
C:\USERS\216-19\DESKTOP\2018440066박현민\20180911HELLO\DEBUG\VC110.PDB
C:\USERS\216-19\DESKTOP\2018440066박현민\DEBUG\20180911HELLO.ILK
C:\USERS\216-19\DESKTOP\2018440066박현민\DEBUG\20180911HELLO.EXE
C:\USERS\216-19\DESKTOP\2018440066박현민\DEBUG\20180911HELLO.PDB
C:\Users\216-19\Desktop\2018440066박현민\20180911hello\Debug\소스.obj
C:\Users\216-19\Desktop\2018440066박현민\20180911hello\Debug\cl.command.1.tlog
C:\Users\216-19\Desktop\2018440066박현민\20180911hello\Debug\CL.read.1.tlog
C:\Users\216-19\Desktop\2018440066박현민\20180911hello\Debug\CL.write.1.tlog
C:\Users\216-19\Desktop\2018440066박현민\20180911hello\Debug\link-cvtres.read.1.tlog
C:\Users\216-19\Desktop\2018440066박현민\20180911hello\Debug\link-cvtres.write.1.tlog
C:\Users\216-19\Desktop\2018440066박현민\20180911hello\Debug\link-rc.read.1.tlog
C:\Users\216-19\Desktop\2018440066박현민\20180911hello\Debug\link-rc.write.1.tlog
C:\Users\216-19\Desktop\2018440066박현민\20180911hello\Debug\link.command.1.tlog
C:\Users\216-19\Desktop\2018440066박현민\20180911hello\Debug\link.read.1.tlog
C:\Users\216-19\Desktop\2018440066박현민\20180911hello\Debug\link.write.1.tlog
C:\Users\216-19\Desktop\2018440066박현민\20180911hello\Debug\vc110.idb
C:\Users\216-19\Desktop\2018440066박현민\20180911hello\Debug\vc110.pdb
C:\Users\216-19\Desktop\2018440066박현민\Debug\20180911hello.pdb
C:\Users\216-19\Desktop\2018440066박현민\Debug\20180911hello.exe
C:\Users\216-19\Desktop\2018440066박현민\Debug\20180911hello.ilk
